Round 1
Player 1 guessing Attribute eyeColor green
Player 2 answering false
Player 2 guessing Attribute hairLength none
Player 1 answering false
Round 2
Player 1 guessing Person  P18
Player 2 answering false
Player 2 guessing Attribute glasses none
Player 1 answering false
Round 3
Player 1 guessing Person  P12
Player 2 answering false
Player 2 guessing Person  P9
Player 1 answering false
Round 4
Player 1 guessing Person  P4
Player 2 answering false
Player 2 guessing Attribute glasses circle
Player 1 answering false
Round 5
Player 1 guessing Person  P2
Player 2 answering false
Player 2 guessing Person  P13
Player 1 answering false
Round 6
Player 1 guessing Attribute faceShape triangle
Player 2 answering false
Player 2 guessing Person  P6
Player 1 answering false
Round 7
Player 1 guessing Person  P7
Player 2 answering false
Player 2 guessing Attribute hairLength none
Player 1 answering false
Round 8
Player 1 guessing Person  P19
Player 2 answering false
Player 2 guessing Attribute facialHair yellow
Player 1 answering true
Round 9
Player 1 guessing Person  P9
Player 2 answering false
Player 2 guessing Person  P3
Player 1 answering true
Player 2 won!
